Build started 03-01-2015 10:15:35.
     1>Project "D:\opengl\HelloWorld\Project2\Project2.vcxproj" on node 2 (Build target(s)).
     1>Link:
         C:\Program Files (x86)\Microsoft Visual Studio 11.0\VC\bin\link.exe /ERRORREPORT:PROMPT /OUT:"D:\opengl\HelloWorld\Debug\Point.exe" /INCREMENTAL /NOLOGO opengl32.lib glfw3.lib glew32.lib kernel32.lib user32.lib gdi32.lib winspool.lib comdlg32.lib advapi32.lib shell32.lib ole32.lib oleaut32.lib uuid.lib odbc32.lib odbccp32.lib /MANIFEST /MANIFESTUAC:"level='asInvoker' uiAccess='false'" /manifest:embed /DEBUG /PDB:"D:\opengl\HelloWorld\Debug\Point.pdb" /TLBID:1 /DYNAMICBASE /NXCOMPAT /IMPLIB:"D:\opengl\HelloWorld\Debug\Point.lib" /MACHINE:X86 Debug\Source.obj
     1>Source.obj : error LNK2019: unresolved external symbol __imp__glewInit@0 referenced in function _main
     1>Source.obj : error LNK2019: unresolved external symbol __imp__glewGetString@4 referenced in function _main
     1>Source.obj : error LNK2019: unresolved external symbol _glfwInit referenced in function _main
     1>Source.obj : error LNK2019: unresolved external symbol _glfwTerminate referenced in function _main
     1>Source.obj : error LNK2019: unresolved external symbol _glfwWindowHint referenced in function _main
     1>Source.obj : error LNK2019: unresolved external symbol _glfwCreateWindow referenced in function _main
     1>Source.obj : error LNK2019: unresolved external symbol _glfwWindowShouldClose referenced in function _main
     1>Source.obj : error LNK2019: unresolved external symbol _glfwPollEvents referenced in function _main
     1>Source.obj : error LNK2019: unresolved external symbol _glfwSetInputMode referenced in function _main
     1>Source.obj : error LNK2019: unresolved external symbol _glfwGetKey referenced in function _main
     1>Source.obj : error LNK2019: unresolved external symbol _glfwMakeContextCurrent referenced in function _main
     1>Source.obj : error LNK2019: unresolved external symbol _glfwSwapBuffers referenced in function _main
     1>Source.obj : error LNK2001: unresolved external symbol __imp__glewExperimental
     1>D:\opengl\HelloWorld\Debug\Point.exe : fatal error LNK1120: 13 unresolved externals
     1>Done Building Project "D:\opengl\HelloWorld\Project2\Project2.vcxproj" (Build target(s)) -- FAILED.

Build FAILED.

Time Elapsed 00:00:00.17
